{
  level: 'warn',
  message: 'HTTP GET /api/codeblock',
  metadata: {
    meta: {
      req: {
        url: '/api/codeblock',
        headers: {
          host: 'localhost:3002',
          connection: 'keep-alive',
          'sec-ch-ua': '"Google Chrome";v="107", "Chromium";v="107", "Not=A?Brand";v="24"',
          accept: 'application/json, text/plain, */*',
          'x-auth-token': 'eyJhbGciOiJIUzI1NiIsInR5cCI6IkpXVCJ9.eyJfaWQiOiI2MzcxNDI1M2Y0YzU5MGEwMGFlMzg1ZjMiLCJpc01lbnRvciI6dHJ1ZSwiaWF0IjoxNjY4NDAwOTc3fQ.iQeAWfTIrjqMqWIWB9nYwAYP3XlDRZO96RlnMcHPKjI',
          'sec-ch-ua-mobile': '?0',
          'user-agent': 'Mozilla/5.0 (Windows NT 10.0; Win64; x64) AppleWebKit/537.36 (KHTML, like Gecko) Chrome/107.0.0.0 Safari/537.36',
          'sec-ch-ua-platform': '"Windows"',
          origin: 'http://localhost:3000',
          'sec-fetch-site': 'same-site',
          'sec-fetch-mode': 'cors',
          'sec-fetch-dest': 'empty',
          referer: 'http://localhost:3000/',
          'accept-encoding': 'gzip, deflate, br',
          'accept-language': 'he-IL,he;q=0.9,en-US;q=0.8,en;q=0.7,es;q=0.6',
          'if-none-match': 'W/"db5-0A8hlxE5+x7aTZsZzszXVb8wr+4"'
        },
        method: 'GET',
        httpVersion: '1.1',
        originalUrl: '/api/codeblock',
        query: {}
      },
      res: { statusCode: 400 },
      responseTime: 2
    },
    timestamp: '2022-11-14T04:59:18.875Z'
  }
}
{
  level: 'warn',
  message: 'HTTP GET /api/codeblock',
  metadata: {
    meta: {
      req: {
        url: '/api/codeblock',
        headers: {
          host: 'localhost:3002',
          connection: 'keep-alive',
          'sec-ch-ua': '"Google Chrome";v="107", "Chromium";v="107", "Not=A?Brand";v="24"',
          accept: 'application/json, text/plain, */*',
          'x-auth-token': 'eyJhbGciOiJIUzI1NiIsInR5cCI6IkpXVCJ9.eyJfaWQiOiI2MzcxNDI1M2Y0YzU5MGEwMGFlMzg1ZjMiLCJpc01lbnRvciI6dHJ1ZSwiaWF0IjoxNjY4NDAwOTc3fQ.iQeAWfTIrjqMqWIWB9nYwAYP3XlDRZO96RlnMcHPKjI',
          'sec-ch-ua-mobile': '?0',
          'user-agent': 'Mozilla/5.0 (Windows NT 10.0; Win64; x64) AppleWebKit/537.36 (KHTML, like Gecko) Chrome/107.0.0.0 Safari/537.36',
          'sec-ch-ua-platform': '"Windows"',
          origin: 'http://localhost:3000',
          'sec-fetch-site': 'same-site',
          'sec-fetch-mode': 'cors',
          'sec-fetch-dest': 'empty',
          referer: 'http://localhost:3000/',
          'accept-encoding': 'gzip, deflate, br',
          'accept-language': 'he-IL,he;q=0.9,en-US;q=0.8,en;q=0.7,es;q=0.6'
        },
        method: 'GET',
        httpVersion: '1.1',
        originalUrl: '/api/codeblock',
        query: {}
      },
      res: { statusCode: 400 },
      responseTime: 1
    },
    timestamp: '2022-11-14T04:59:18.879Z'
  }
}
{
  level: 'error',
  message: 'Cannot set headers after they are sent to the client Cannot set headers after they are sent to the client',
  metadata: {
    code: 'ERR_HTTP_HEADERS_SENT',
    stack: 'Error [ERR_HTTP_HEADERS_SENT]: Cannot set headers after they are sent to the client\n' +
      '    at new NodeError (node:internal/errors:393:5)\n' +
      '    at ServerResponse.setHeader (node:_http_outgoing:644:11)\n' +
      '    at ServerResponse.header (C:\\Users\\User\\source\\repos\\לקראת ראיון עבודה\\moveo_project\\gitproject\\Code_Observer\\server\\node_modules\\express\\lib\\response.js:794:10)\n' +
      '    at ServerResponse.send (C:\\Users\\User\\source\\repos\\לקראת ראיון עבודה\\moveo_project\\gitproject\\Code_Observer\\server\\node_modules\\express\\lib\\response.js:174:12)\n' +
      '    at ServerResponse.json (C:\\Users\\User\\source\\repos\\לקראת ראיון עבודה\\moveo_project\\gitproject\\Code_Observer\\server\\node_modules\\express\\lib\\response.js:278:15)\n' +
      '    at ServerResponse.send (C:\\Users\\User\\source\\repos\\לקראת ראיון עבודה\\moveo_project\\gitproject\\Code_Observer\\server\\node_modules\\express\\lib\\response.js:162:21)\n' +
      '    at C:\\Users\\User\\source\\repos\\לקראת ראיון עבודה\\moveo_project\\gitproject\\Code_Observer\\server\\routers\\codeblockRouter.js:8:21\n' +
      '    at process.processTicksAndRejections (node:internal/process/task_queues:95:5)',
    timestamp: '2022-11-14T04:59:19.037Z'
  }
}
{
  level: 'error',
  message: 'Cannot set headers after they are sent to the client Cannot set headers after they are sent to the client',
  metadata: {
    code: 'ERR_HTTP_HEADERS_SENT',
    stack: 'Error [ERR_HTTP_HEADERS_SENT]: Cannot set headers after they are sent to the client\n' +
      '    at new NodeError (node:internal/errors:393:5)\n' +
      '    at ServerResponse.setHeader (node:_http_outgoing:644:11)\n' +
      '    at ServerResponse.header (C:\\Users\\User\\source\\repos\\לקראת ראיון עבודה\\moveo_project\\gitproject\\Code_Observer\\server\\node_modules\\express\\lib\\response.js:794:10)\n' +
      '    at ServerResponse.send (C:\\Users\\User\\source\\repos\\לקראת ראיון עבודה\\moveo_project\\gitproject\\Code_Observer\\server\\node_modules\\express\\lib\\response.js:174:12)\n' +
      '    at ServerResponse.json (C:\\Users\\User\\source\\repos\\לקראת ראיון עבודה\\moveo_project\\gitproject\\Code_Observer\\server\\node_modules\\express\\lib\\response.js:278:15)\n' +
      '    at ServerResponse.send (C:\\Users\\User\\source\\repos\\לקראת ראיון עבודה\\moveo_project\\gitproject\\Code_Observer\\server\\node_modules\\express\\lib\\response.js:162:21)\n' +
      '    at C:\\Users\\User\\source\\repos\\לקראת ראיון עבודה\\moveo_project\\gitproject\\Code_Observer\\server\\routers\\codeblockRouter.js:8:21\n' +
      '    at process.processTicksAndRejections (node:internal/process/task_queues:95:5)',
    timestamp: '2022-11-14T04:59:19.042Z'
  }
}
